0 info it worked if it ends with ok
1 verbose cli [ '/usr/bin/nodejs', '/usr/bin/npm', 'install', 'rateyo' ]
2 info using npm@3.10.10
3 info using node@v6.11.1
4 silly loadCurrentTree Starting
5 silly install loadCurrentTree
6 silly install readLocalPackageData
7 silly fetchPackageMetaData rateyo
8 silly fetchNamedPackageData rateyo
9 silly mapToRegistry name rateyo
10 silly mapToRegistry using default registry
11 silly mapToRegistry registry https://registry.npmjs.org/
12 silly mapToRegistry data Result {
12 silly mapToRegistry   raw: 'rateyo',
12 silly mapToRegistry   scope: null,
12 silly mapToRegistry   escapedName: 'rateyo',
12 silly mapToRegistry   name: 'rateyo',
12 silly mapToRegistry   rawSpec: '',
12 silly mapToRegistry   spec: 'latest',
12 silly mapToRegistry   type: 'tag' }
13 silly mapToRegistry uri https://registry.npmjs.org/rateyo
14 verbose request uri https://registry.npmjs.org/rateyo
15 verbose request no auth needed
16 info attempt registry request try #1 at 1:23:58 AM
17 verbose request id a840e2164d3ad7d3
18 verbose etag W/"58fc4da4-daa"
19 verbose lastModified Sun, 23 Apr 2017 06:45:56 GMT
20 http request GET https://registry.npmjs.org/rateyo
21 http 304 https://registry.npmjs.org/rateyo
22 verbose headers { date: 'Fri, 11 Aug 2017 04:23:59 GMT',
22 verbose headers   via: '1.1 varnish',
22 verbose headers   'cache-control': 'max-age=300',
22 verbose headers   etag: 'W/"58fc4da4-daa"',
22 verbose headers   age: '151',
22 verbose headers   connection: 'keep-alive',
22 verbose headers   'x-served-by': 'cache-gig17032-GIG',
22 verbose headers   'x-cache': 'HIT',
22 verbose headers   'x-cache-hits': '1',
22 verbose headers   'x-timer': 'S1502425439.145271,VS0,VE0',
22 verbose headers   vary: 'Accept-Encoding, Accept' }
23 silly get cb [ 304,
23 silly get   { date: 'Fri, 11 Aug 2017 04:23:59 GMT',
23 silly get     via: '1.1 varnish',
23 silly get     'cache-control': 'max-age=300',
23 silly get     etag: 'W/"58fc4da4-daa"',
23 silly get     age: '151',
23 silly get     connection: 'keep-alive',
23 silly get     'x-served-by': 'cache-gig17032-GIG',
23 silly get     'x-cache': 'HIT',
23 silly get     'x-cache-hits': '1',
23 silly get     'x-timer': 'S1502425439.145271,VS0,VE0',
23 silly get     vary: 'Accept-Encoding, Accept' } ]
24 verbose etag https://registry.npmjs.org/rateyo from cache
25 verbose get saving rateyo to /home/laboratoria/.npm/registry.npmjs.org/rateyo/.cache.json
26 verbose correctMkdir /home/laboratoria/.npm correctMkdir not in flight; initializing
27 silly install normalizeTree
28 silly loadCurrentTree Finishing
29 silly loadIdealTree Starting
30 silly install loadIdealTree
31 silly cloneCurrentTree Starting
32 silly install cloneCurrentTreeToIdealTree
33 silly cloneCurrentTree Finishing
34 silly loadShrinkwrap Starting
35 silly install loadShrinkwrap
36 silly loadShrinkwrap Finishing
37 silly loadAllDepsIntoIdealTree Starting
38 silly install loadAllDepsIntoIdealTree
39 silly resolveWithNewModule rateyo@2.3.2 checking installable status
40 silly cache add args [ 'rateyo', null ]
41 verbose cache add spec rateyo
42 silly cache add parsed spec Result {
42 silly cache add   raw: 'rateyo',
42 silly cache add   scope: null,
42 silly cache add   escapedName: 'rateyo',
42 silly cache add   name: 'rateyo',
42 silly cache add   rawSpec: '',
42 silly cache add   spec: 'latest',
42 silly cache add   type: 'tag' }
43 silly addNamed rateyo@latest
44 verbose addNamed "latest" is being treated as a dist-tag for rateyo
45 info addNameTag [ 'rateyo', 'latest' ]
46 silly mapToRegistry name rateyo
47 silly mapToRegistry using default registry
48 silly mapToRegistry registry https://registry.npmjs.org/
49 silly mapToRegistry data Result {
49 silly mapToRegistry   raw: 'rateyo',
49 silly mapToRegistry   scope: null,
49 silly mapToRegistry   escapedName: 'rateyo',
49 silly mapToRegistry   name: 'rateyo',
49 silly mapToRegistry   rawSpec: '',
49 silly mapToRegistry   spec: 'latest',
49 silly mapToRegistry   type: 'tag' }
50 silly mapToRegistry uri https://registry.npmjs.org/rateyo
51 verbose addNameTag registry:https://registry.npmjs.org/rateyo not in flight; fetching
52 verbose get https://registry.npmjs.org/rateyo not expired, no request
53 silly addNameTag next cb for rateyo with tag latest
54 silly addNamed rateyo@2.3.2
55 verbose addNamed "2.3.2" is a plain semver version for rateyo
56 silly cache afterAdd rateyo@2.3.2
57 verbose afterAdd /home/laboratoria/.npm/rateyo/2.3.2/package/package.json not in flight; writing
58 verbose correctMkdir /home/laboratoria/.npm correctMkdir not in flight; initializing
59 verbose afterAdd /home/laboratoria/.npm/rateyo/2.3.2/package/package.json written
60 silly loadAllDepsIntoIdealTree Finishing
61 silly loadIdealTree Finishing
62 silly currentTree mis-pelis@1.0.0
62 silly currentTree ├── abbrev@1.1.0
62 silly currentTree ├── accepts@1.3.3
62 silly currentTree ├── ajv@4.11.8
62 silly currentTree ├── amdefine@1.0.1
62 silly currentTree ├── ansi-regex@2.1.1
62 silly currentTree ├── ansi-styles@2.2.1
62 silly currentTree ├── aproba@1.1.2
62 silly currentTree ├── archy@1.0.0
62 silly currentTree ├─┬ are-we-there-yet@1.1.4
62 silly currentTree │ ├── isarray@1.0.0
62 silly currentTree │ ├── readable-stream@2.3.3
62 silly currentTree │ └── string_decoder@1.0.3
62 silly currentTree ├── arr-diff@2.0.0
62 silly currentTree ├── arr-flatten@1.1.0
62 silly currentTree ├── array-differ@1.0.0
62 silly currentTree ├── array-each@1.0.1
62 silly currentTree ├── array-find-index@1.0.2
62 silly currentTree ├── array-slice@1.0.0
62 silly currentTree ├── array-uniq@1.0.3
62 silly currentTree ├── array-unique@0.2.1
62 silly currentTree ├── asn1@0.2.3
62 silly currentTree ├── assert-plus@0.2.0
62 silly currentTree ├── async-foreach@0.1.3
62 silly currentTree ├── asynckit@0.4.0
62 silly currentTree ├── aws-sign2@0.6.0
62 silly currentTree ├── aws4@1.6.0
62 silly currentTree ├── balanced-match@1.0.0
62 silly currentTree ├── batch@0.6.1
62 silly currentTree ├── bcrypt-pbkdf@1.0.1
62 silly currentTree ├── beeper@1.1.1
62 silly currentTree ├── block-stream@0.0.9
62 silly currentTree ├─┬ body-parser@1.8.4
62 silly currentTree │ ├── depd@0.4.5
62 silly currentTree │ ├── ee-first@1.0.5
62 silly currentTree │ ├── on-finished@2.1.0
62 silly currentTree │ └── qs@2.2.4
62 silly currentTree ├── boom@2.10.1
62 silly currentTree ├── bootstrap@3.3.7
62 silly currentTree ├── brace-expansion@1.1.8
62 silly currentTree ├── braces@1.8.5
62 silly currentTree ├── bufferstreams@1.0.1
62 silly currentTree ├── builtin-modules@1.1.1
62 silly currentTree ├── bytes@1.0.0
62 silly currentTree ├── camelcase-keys@2.1.0
62 silly currentTree ├── camelcase@2.1.1
62 silly currentTree ├── caseless@0.12.0
62 silly currentTree ├── chalk@1.1.3
62 silly currentTree ├─┬ clean-css@3.4.28
62 silly currentTree │ └── source-map@0.4.4
62 silly currentTree ├── cliui@3.2.0
62 silly currentTree ├── clone-buffer@1.0.0
62 silly currentTree ├── clone-stats@0.0.1
62 silly currentTree ├── clone@1.0.2
62 silly currentTree ├── cloneable-readable@1.0.0
62 silly currentTree ├── co@4.6.0
62 silly currentTree ├── code-point-at@1.1.0
62 silly currentTree ├── combined-stream@1.0.5
62 silly currentTree ├── commander@2.8.1
62 silly currentTree ├── concat-map@0.0.1
62 silly currentTree ├── concat-with-sourcemaps@1.0.4
62 silly currentTree ├── connect-livereload@0.4.1
62 silly currentTree ├── connect@3.6.3
62 silly currentTree ├── console-control-strings@1.1.0
62 silly currentTree ├── core-util-is@1.0.2
62 silly currentTree ├─┬ cross-spawn@3.0.1
62 silly currentTree │ └── lru-cache@4.1.1
62 silly currentTree ├── cryptiles@2.0.5
62 silly currentTree ├── currently-unhandled@0.4.1
62 silly currentTree ├─┬ dashdash@1.14.1
62 silly currentTree │ └── assert-plus@1.0.0
62 silly currentTree ├── dateformat@2.0.0
62 silly currentTree ├── debug@2.6.8
62 silly currentTree ├── decamelize@1.2.0
62 silly currentTree ├── defaults@1.0.3
62 silly currentTree ├── delayed-stream@1.0.0
62 silly currentTree ├── delegates@1.0.0
62 silly currentTree ├── depd@1.1.1
62 silly currentTree ├── deprecated@0.0.1
62 silly currentTree ├── destroy@1.0.4
62 silly currentTree ├── detect-file@0.1.0
62 silly currentTree ├── duplexer2@0.0.2
62 silly currentTree ├── ecc-jsbn@0.1.1
62 silly currentTree ├── ee-first@1.1.1
62 silly currentTree ├── encodeurl@1.0.1
62 silly currentTree ├── end-of-stream@0.1.5
62 silly currentTree ├── error-ex@1.3.1
62 silly currentTree ├── escape-html@1.0.3
62 silly currentTree ├── escape-string-regexp@1.0.5
62 silly currentTree ├── etag@1.8.0
62 silly currentTree ├── expand-brackets@0.1.5
62 silly currentTree ├── expand-range@1.8.2
62 silly currentTree ├── expand-tilde@1.2.2
62 silly currentTree ├── extend@3.0.1
62 silly currentTree ├── extglob@0.3.2
62 silly currentTree ├── extsprintf@1.3.0
62 silly currentTree ├── fancy-log@1.3.0
62 silly currentTree ├── faye-websocket@0.7.3
62 silly currentTree ├── filename-regex@2.0.1
62 silly currentTree ├── fill-range@2.2.3
62 silly currentTree ├── finalhandler@1.0.4
62 silly currentTree ├── find-index@0.1.1
62 silly currentTree ├── find-up@1.1.2
62 silly currentTree ├── findup-sync@0.4.3
62 silly currentTree ├─┬ fined@1.1.0
62 silly currentTree │ └── expand-tilde@2.0.2
62 silly currentTree ├── first-chunk-stream@1.0.0
62 silly currentTree ├── flagged-respawn@0.3.2
62 silly currentTree ├── for-in@1.0.2
62 silly currentTree ├── for-own@0.1.5
62 silly currentTree ├── forever-agent@0.6.1
62 silly currentTree ├── form-data@2.1.4
62 silly currentTree ├── fresh@0.5.0
62 silly currentTree ├── fs-exists-sync@0.1.0
62 silly currentTree ├── fs.realpath@1.0.0
62 silly currentTree ├─┬ fstream@1.0.11
62 silly currentTree │ └── graceful-fs@4.1.11
62 silly currentTree ├─┬ gauge@2.7.4
62 silly currentTree │ └── object-assign@4.1.1
62 silly currentTree ├── gaze@0.5.2
62 silly currentTree ├── get-caller-file@1.0.2
62 silly currentTree ├── get-stdin@4.0.1
62 silly currentTree ├─┬ getpass@0.1.7
62 silly currentTree │ └── assert-plus@1.0.0
62 silly currentTree ├── glob-base@0.3.0
62 silly currentTree ├── glob-parent@2.0.0
62 silly currentTree ├─┬ glob-stream@3.1.18
62 silly currentTree │ ├── readable-stream@1.0.34
62 silly currentTree │ └── through2@0.6.5
62 silly currentTree ├── glob-watcher@0.0.6
62 silly currentTree ├── glob@4.5.3
62 silly currentTree ├── glob2base@0.0.12
62 silly currentTree ├── global-modules@0.2.3
62 silly currentTree ├── global-prefix@0.1.5
62 silly currentTree ├─┬ globule@0.1.0
62 silly currentTree │ ├── glob@3.1.21
62 silly currentTree │ ├── graceful-fs@1.2.3
62 silly currentTree │ ├── inherits@1.0.2
62 silly currentTree │ └── minimatch@0.2.14
62 silly currentTree ├── glogg@1.0.0
62 silly currentTree ├── graceful-fs@3.0.11
62 silly currentTree ├── graceful-readlink@1.0.1
62 silly currentTree ├─┬ gulp-concat@2.6.1
62 silly currentTree │ ├── clone-stats@1.0.0
62 silly currentTree │ ├── clone@2.1.1
62 silly currentTree │ ├── replace-ext@1.0.0
62 silly currentTree │ └── vinyl@2.1.0
62 silly currentTree ├─┬ gulp-minify-css@1.2.4
62 silly currentTree │ ├── isarray@1.0.0
62 silly currentTree │ ├── object-assign@4.1.1
62 silly currentTree │ ├── readable-stream@2.3.3
62 silly currentTree │ └── string_decoder@1.0.3
62 silly currentTree ├── gulp-sass@3.1.0
62 silly currentTree ├─┬ gulp-uglify@3.0.0
62 silly currentTree │ └── lodash@4.17.4
62 silly currentTree ├── gulp-util@3.0.8
62 silly currentTree ├─┬ gulp-webserver@0.9.1
62 silly currentTree │ ├── ansi-regex@0.2.1
62 silly currentTree │ ├── ansi-styles@1.1.0
62 silly currentTree │ ├── chalk@0.5.1
62 silly currentTree │ ├── dateformat@1.0.12
62 silly currentTree │ ├── gulp-util@2.2.20
62 silly currentTree │ ├── has-ansi@0.1.0
62 silly currentTree │ ├── lodash._reinterpolate@2.4.1
62 silly currentTree │ ├── lodash.escape@2.4.1
62 silly currentTree │ ├── lodash.keys@2.4.1
62 silly currentTree │ ├── lodash.template@2.4.1
62 silly currentTree │ ├── lodash.templatesettings@2.4.1
62 silly currentTree │ ├── minimist@0.2.0
62 silly currentTree │ ├── readable-stream@1.0.34
62 silly currentTree │ ├── strip-ansi@0.3.0
62 silly currentTree │ ├── supports-color@0.2.0
62 silly currentTree │ ├── through2@0.5.1
62 silly currentTree │ ├── vinyl@0.2.3
62 silly currentTree │ └── xtend@3.0.0
62 silly currentTree ├── gulp@3.9.1
62 silly currentTree ├── gulplog@1.0.0
62 silly currentTree ├── har-schema@1.0.5
62 silly currentTree ├── har-validator@4.2.1
62 silly currentTree ├── has-ansi@2.0.0
62 silly currentTree ├── has-gulplog@0.1.0
62 silly currentTree ├── has-unicode@2.0.1
62 silly currentTree ├── hawk@3.1.3
62 silly currentTree ├── hoek@2.16.3
62 silly currentTree ├── homedir-polyfill@1.0.1
62 silly currentTree ├── hosted-git-info@2.5.0
62 silly currentTree ├── http-errors@1.6.2
62 silly currentTree ├── http-signature@1.1.1
62 silly currentTree ├── iconv-lite@0.4.4
62 silly currentTree ├── in-publish@2.0.0
62 silly currentTree ├── indent-string@2.1.0
62 silly currentTree ├── inflight@1.0.6
62 silly currentTree ├── inherits@2.0.3
62 silly currentTree ├── ini@1.3.4
62 silly currentTree ├── interpret@1.0.3
62 silly currentTree ├── invert-kv@1.0.0
62 silly currentTree ├── is-absolute@0.2.6
62 silly currentTree ├── is-arrayish@0.2.1
62 silly currentTree ├── is-buffer@1.1.5
62 silly currentTree ├── is-builtin-module@1.0.0
62 silly currentTree ├── is-dotfile@1.0.3
62 silly currentTree ├── is-equal-shallow@0.1.3
62 silly currentTree ├── is-extendable@0.1.1
62 silly currentTree ├── is-extglob@1.0.0
62 silly currentTree ├── is-finite@1.0.2
62 silly currentTree ├── is-fullwidth-code-point@1.0.0
62 silly currentTree ├── is-glob@2.0.1
62 silly currentTree ├── is-number@2.1.0
62 silly currentTree ├─┬ is-plain-object@2.0.4
62 silly currentTree │ └── isobject@3.0.1
62 silly currentTree ├── is-posix-bracket@0.1.1
62 silly currentTree ├── is-primitive@2.0.0
62 silly currentTree ├── is-relative@0.2.1
62 silly currentTree ├── is-typedarray@1.0.0
62 silly currentTree ├── is-unc-path@0.1.2
62 silly currentTree ├── is-utf8@0.2.1
62 silly currentTree ├── is-windows@0.2.0
62 silly currentTree ├── is@3.2.1
62 silly currentTree ├── isarray@0.0.1
62 silly currentTree ├── isexe@2.0.0
62 silly currentTree ├─┬ isobject@2.1.0
62 silly currentTree │ └── isarray@1.0.0
62 silly currentTree ├── isstream@0.1.2
62 silly currentTree ├── jquery@3.2.1
62 silly currentTree ├── js-base64@2.1.9
62 silly currentTree ├── jsbn@0.1.1
62 silly currentTree ├── json-schema@0.2.3
62 silly currentTree ├── json-stable-stringify@1.0.1
62 silly currentTree ├── json-stringify-safe@5.0.1
62 silly currentTree ├── jsonify@0.0.0
62 silly currentTree ├─┬ jsprim@1.4.1
62 silly currentTree │ └── assert-plus@1.0.0
62 silly currentTree ├── kind-of@3.2.2
62 silly currentTree ├── lcid@1.0.0
62 silly currentTree ├── liftoff@2.3.0
62 silly currentTree ├─┬ load-json-file@1.1.0
62 silly currentTree │ ├── graceful-fs@4.1.11
62 silly currentTree │ └── strip-bom@2.0.0
62 silly currentTree ├── lodash._basecopy@3.0.1
62 silly currentTree ├── lodash._basetostring@3.0.1
62 silly currentTree ├── lodash._basevalues@3.0.0
62 silly currentTree ├── lodash._escapehtmlchar@2.4.1
62 silly currentTree ├── lodash._escapestringchar@2.4.1
62 silly currentTree ├── lodash._getnative@3.9.1
62 silly currentTree ├── lodash._htmlescapes@2.4.1
62 silly currentTree ├── lodash._isiterateecall@3.0.9
62 silly currentTree ├── lodash._isnative@2.4.1
62 silly currentTree ├── lodash._objecttypes@2.4.1
62 silly currentTree ├── lodash._reescape@3.0.0
62 silly currentTree ├── lodash._reevaluate@3.0.0
62 silly currentTree ├── lodash._reinterpolate@3.0.0
62 silly currentTree ├─┬ lodash._reunescapedhtml@2.4.1
62 silly currentTree │ └── lodash.keys@2.4.1
62 silly currentTree ├── lodash._root@3.0.1
62 silly currentTree ├── lodash._shimkeys@2.4.1
62 silly currentTree ├── lodash.assign@4.2.0
62 silly currentTree ├── lodash.clonedeep@4.5.0
62 silly currentTree ├─┬ lodash.defaults@2.4.1
62 silly currentTree │ └── lodash.keys@2.4.1
62 silly currentTree ├── lodash.escape@3.2.0
62 silly currentTree ├── lodash.isarguments@3.1.0
62 silly currentTree ├── lodash.isarray@3.0.4
62 silly currentTree ├── lodash.isobject@2.4.1
62 silly currentTree ├── lodash.isplainobject@4.0.6
62 silly currentTree ├── lodash.isstring@4.0.1
62 silly currentTree ├── lodash.keys@3.1.2
62 silly currentTree ├── lodash.mapvalues@4.6.0
62 silly currentTree ├── lodash.mergewith@4.6.0
62 silly currentTree ├── lodash.restparam@3.6.1
62 silly currentTree ├── lodash.template@3.6.2
62 silly currentTree ├── lodash.templatesettings@3.1.1
62 silly currentTree ├─┬ lodash.values@2.4.1
62 silly currentTree │ └── lodash.keys@2.4.1
62 silly currentTree ├── lodash@1.0.2
62 silly currentTree ├── loud-rejection@1.6.0
62 silly currentTree ├── lru-cache@2.7.3
62 silly currentTree ├── make-error-cause@1.2.2
62 silly currentTree ├── make-error@1.3.0
62 silly currentTree ├── map-cache@0.2.2
62 silly currentTree ├── map-obj@1.0.1
62 silly currentTree ├── media-typer@0.3.0
62 silly currentTree ├─┬ meow@3.7.0
62 silly currentTree │ └── object-assign@4.1.1
62 silly currentTree ├── micromatch@2.3.11
62 silly currentTree ├── mime-db@1.29.0
62 silly currentTree ├── mime-types@2.1.16
62 silly currentTree ├── mime@1.3.4
62 silly currentTree ├── minimatch@2.0.10
62 silly currentTree ├── minimist@1.2.0
62 silly currentTree ├─┬ mkdirp@0.5.1
62 silly currentTree │ └── minimist@0.0.8
62 silly currentTree ├── ms@2.0.0
62 silly currentTree ├── multipipe@0.1.2
62 silly currentTree ├── nan@2.6.2
62 silly currentTree ├── natives@1.1.0
62 silly currentTree ├── negotiator@0.6.1
62 silly currentTree ├─┬ node-gyp@3.6.2
62 silly currentTree │ ├── glob@7.1.2
62 silly currentTree │ ├── graceful-fs@4.1.11
62 silly currentTree │ ├── minimatch@3.0.4
62 silly currentTree │ └── semver@5.3.0
62 silly currentTree ├─┬ node-sass@4.5.3
62 silly currentTree │ ├── gaze@1.1.2
62 silly currentTree │ ├── glob@7.1.2
62 silly currentTree │ ├── globule@1.2.0
62 silly currentTree │ ├── lodash@4.17.4
62 silly currentTree │ └── minimatch@3.0.4
62 silly currentTree ├── node.extend@1.1.6
62 silly currentTree ├── nopt@3.0.6
62 silly currentTree ├── normalize-package-data@2.4.0
62 silly currentTree ├── normalize-path@2.1.1
62 silly currentTree ├── npmlog@4.1.2
62 silly currentTree ├── number-is-nan@1.0.1
62 silly currentTree ├── oauth-sign@0.8.2
62 silly currentTree ├── object-assign@3.0.0
62 silly currentTree ├─┬ object.defaults@1.1.0
62 silly currentTree │ ├── for-own@1.0.0
62 silly currentTree │ └── isobject@3.0.1
62 silly currentTree ├── object.omit@2.0.1
62 silly currentTree ├── object.pick@1.2.0
62 silly currentTree ├── on-finished@2.3.0
62 silly currentTree ├── once@1.3.3
62 silly currentTree ├── open@0.0.5
62 silly currentTree ├── orchestrator@0.3.8
62 silly currentTree ├── ordered-read-streams@0.1.0
62 silly currentTree ├── os-homedir@1.0.2
62 silly currentTree ├── os-locale@1.4.0
62 silly currentTree ├── os-tmpdir@1.0.2
62 silly currentTree ├── osenv@0.1.4
62 silly currentTree ├── parse-filepath@1.0.1
62 silly currentTree ├── parse-glob@3.0.4
62 silly currentTree ├── parse-json@2.2.0
62 silly currentTree ├── parse-passwd@1.0.0
62 silly currentTree ├── parseurl@1.3.1
62 silly currentTree ├── path-exists@2.1.0
62 silly currentTree ├── path-is-absolute@1.0.1
62 silly currentTree ├── path-parse@1.0.5
62 silly currentTree ├── path-root-regex@0.1.2
62 silly currentTree ├── path-root@0.1.1
62 silly currentTree ├─┬ path-type@1.1.0
62 silly currentTree │ └── graceful-fs@4.1.11
62 silly currentTree ├── performance-now@0.2.0
62 silly currentTree ├── pify@2.3.0
62 silly currentTree ├── pinkie-promise@2.0.1
62 silly currentTree ├── pinkie@2.0.4
62 silly currentTree ├── preserve@0.2.0
62 silly currentTree ├── pretty-hrtime@1.0.3
62 silly currentTree ├── process-nextick-args@1.0.7
62 silly currentTree ├── proxy-middleware@0.5.1
62 silly currentTree ├── pseudomap@1.0.2
62 silly currentTree ├── punycode@1.4.1
62 silly currentTree ├── qs@6.4.0
62 silly currentTree ├─┬ randomatic@1.1.7
62 silly currentTree │ ├─┬ is-number@3.0.0
62 silly currentTree │ │ └── kind-of@3.2.2
62 silly currentTree │ └── kind-of@4.0.0
62 silly currentTree ├── range-parser@1.2.0
62 silly currentTree ├── rateyo@2.3.2
62 silly currentTree ├── raw-body@1.3.0
62 silly currentTree ├── read-pkg-up@1.0.1
62 silly currentTree ├── read-pkg@1.1.0
62 silly currentTree ├── readable-stream@1.1.14
62 silly currentTree ├── rechoir@0.6.2
62 silly currentTree ├── redent@1.0.0
62 silly currentTree ├── regex-cache@0.4.3
62 silly currentTree ├── remove-trailing-separator@1.0.2
62 silly currentTree ├── repeat-element@1.1.2
62 silly currentTree ├── repeat-string@1.6.1
62 silly currentTree ├── repeating@2.0.1
62 silly currentTree ├── replace-ext@0.0.1
62 silly currentTree ├── request@2.81.0
62 silly currentTree ├── require-directory@2.1.1
62 silly currentTree ├── require-main-filename@1.0.1
62 silly currentTree ├── resolve-dir@0.1.1
62 silly currentTree ├── resolve@1.4.0
62 silly currentTree ├─┬ rimraf@2.6.1
62 silly currentTree │ ├── glob@7.1.2
62 silly currentTree │ └── minimatch@3.0.4
62 silly currentTree ├── safe-buffer@5.1.1
62 silly currentTree ├─┬ sass-graph@2.2.4
62 silly currentTree │ ├── glob@7.1.2
62 silly currentTree │ ├── lodash@4.17.4
62 silly currentTree │ └── minimatch@3.0.4
62 silly currentTree ├─┬ scss-tokenizer@0.2.3
62 silly currentTree │ └── source-map@0.4.4
62 silly currentTree ├── semver@4.3.6
62 silly currentTree ├── send@0.15.4
62 silly currentTree ├── sequencify@0.0.7
62 silly currentTree ├── serve-index@1.9.0
62 silly currentTree ├── serve-static@1.12.4
62 silly currentTree ├── set-blocking@2.0.0
62 silly currentTree ├── setprototypeof@1.0.3
62 silly currentTree ├── sigmund@1.0.1
62 silly currentTree ├── signal-exit@3.0.2
62 silly currentTree ├── sntp@1.0.9
62 silly currentTree ├── source-map@0.5.6
62 silly currentTree ├── sparkles@1.0.0
62 silly currentTree ├── spdx-correct@1.0.2
62 silly currentTree ├── spdx-expression-parse@1.0.4
62 silly currentTree ├── spdx-license-ids@1.2.2
62 silly currentTree ├─┬ sshpk@1.13.1
62 silly currentTree │ └── assert-plus@1.0.0
62 silly currentTree ├── statuses@1.3.1
62 silly currentTree ├─┬ stdout-stream@1.4.0
62 silly currentTree │ ├── isarray@1.0.0
62 silly currentTree │ ├── readable-stream@2.3.3
62 silly currentTree │ └── string_decoder@1.0.3
62 silly currentTree ├── stream-consume@0.1.0
62 silly currentTree ├── string_decoder@0.10.31
62 silly currentTree ├── string-width@1.0.2
62 silly currentTree ├── stringstream@0.0.5
62 silly currentTree ├── strip-ansi@3.0.1
62 silly currentTree ├── strip-bom@1.0.0
62 silly currentTree ├── strip-indent@1.0.1
62 silly currentTree ├── supports-color@2.0.0
62 silly currentTree ├── tar@2.2.1
62 silly currentTree ├─┬ through2@2.0.3
62 silly currentTree │ ├── isarray@1.0.0
62 silly currentTree │ ├── readable-stream@2.3.3
62 silly currentTree │ └── string_decoder@1.0.3
62 silly currentTree ├── tildify@1.2.0
62 silly currentTree ├── time-stamp@1.1.0
62 silly currentTree ├─┬ tiny-lr@0.1.4
62 silly currentTree │ ├── debug@0.8.1
62 silly currentTree │ └── qs@2.2.5
62 silly currentTree ├── tough-cookie@2.3.2
62 silly currentTree ├── trim-newlines@1.0.0
62 silly currentTree ├── tunnel-agent@0.6.0
62 silly currentTree ├── tweetnacl@0.14.5
62 silly currentTree ├─┬ type-is@1.5.7
62 silly currentTree │ ├── mime-db@1.12.0
62 silly currentTree │ └── mime-types@2.0.14
62 silly currentTree ├─┬ uglify-js@3.0.27
62 silly currentTree │ └── commander@2.11.0
62 silly currentTree ├── unc-path-regex@0.1.2
62 silly currentTree ├── unique-stream@1.0.0
62 silly currentTree ├── unpipe@1.0.0
62 silly currentTree ├── user-home@1.1.1
62 silly currentTree ├── util-deprecate@1.0.2
62 silly currentTree ├── utils-merge@1.0.0
62 silly currentTree ├── uuid@3.1.0
62 silly currentTree ├── v8flags@2.1.1
62 silly currentTree ├── validate-npm-package-license@3.0.1
62 silly currentTree ├─┬ verror@1.10.0
62 silly currentTree │ └── assert-plus@1.0.0
62 silly currentTree ├── vinyl-bufferstream@1.0.1
62 silly currentTree ├─┬ vinyl-fs@0.3.14
62 silly currentTree │ ├── clone@0.2.0
62 silly currentTree │ ├── readable-stream@1.0.34
62 silly currentTree │ ├── through2@0.6.5
62 silly currentTree │ └── vinyl@0.4.6
62 silly currentTree ├── vinyl-sourcemaps-apply@0.2.1
62 silly currentTree ├── vinyl@0.5.3
62 silly currentTree ├── watch@0.11.0
62 silly currentTree ├── websocket-driver@0.6.5
62 silly currentTree ├── websocket-extensions@0.1.1
62 silly currentTree ├── which-module@1.0.0
62 silly currentTree ├── which@1.3.0
62 silly currentTree ├── wide-align@1.1.2
62 silly currentTree ├── wrap-ansi@2.1.0
62 silly currentTree ├── wrappy@1.0.2
62 silly currentTree ├── xtend@4.0.1
62 silly currentTree ├── y18n@3.2.1
62 silly currentTree ├── yallist@2.1.2
62 silly currentTree ├─┬ yargs-parser@5.0.0
62 silly currentTree │ └── camelcase@3.0.0
62 silly currentTree └─┬ yargs@7.1.0
62 silly currentTree   └── camelcase@3.0.0
63 silly idealTree mis-pelis@1.0.0
63 silly idealTree ├── abbrev@1.1.0
63 silly idealTree ├── accepts@1.3.3
63 silly idealTree ├── ajv@4.11.8
63 silly idealTree ├── amdefine@1.0.1
63 silly idealTree ├── ansi-regex@2.1.1
63 silly idealTree ├── ansi-styles@2.2.1
63 silly idealTree ├── aproba@1.1.2
63 silly idealTree ├── archy@1.0.0
63 silly idealTree ├─┬ are-we-there-yet@1.1.4
63 silly idealTree │ ├── isarray@1.0.0
63 silly idealTree │ ├── readable-stream@2.3.3
63 silly idealTree │ └── string_decoder@1.0.3
63 silly idealTree ├── arr-diff@2.0.0
63 silly idealTree ├── arr-flatten@1.1.0
63 silly idealTree ├── array-differ@1.0.0
63 silly idealTree ├── array-each@1.0.1
63 silly idealTree ├── array-find-index@1.0.2
63 silly idealTree ├── array-slice@1.0.0
63 silly idealTree ├── array-uniq@1.0.3
63 silly idealTree ├── array-unique@0.2.1
63 silly idealTree ├── asn1@0.2.3
63 silly idealTree ├── assert-plus@0.2.0
63 silly idealTree ├── async-foreach@0.1.3
63 silly idealTree ├── asynckit@0.4.0
63 silly idealTree ├── aws-sign2@0.6.0
63 silly idealTree ├── aws4@1.6.0
63 silly idealTree ├── balanced-match@1.0.0
63 silly idealTree ├── batch@0.6.1
63 silly idealTree ├── bcrypt-pbkdf@1.0.1
63 silly idealTree ├── beeper@1.1.1
63 silly idealTree ├── block-stream@0.0.9
63 silly idealTree ├─┬ body-parser@1.8.4
63 silly idealTree │ ├── depd@0.4.5
63 silly idealTree │ ├── ee-first@1.0.5
63 silly idealTree │ ├── on-finished@2.1.0
63 silly idealTree │ └── qs@2.2.4
63 silly idealTree ├── boom@2.10.1
63 silly idealTree ├── bootstrap@3.3.7
63 silly idealTree ├── brace-expansion@1.1.8
63 silly idealTree ├── braces@1.8.5
63 silly idealTree ├── bufferstreams@1.0.1
63 silly idealTree ├── builtin-modules@1.1.1
63 silly idealTree ├── bytes@1.0.0
63 silly idealTree ├── camelcase-keys@2.1.0
63 silly idealTree ├── camelcase@2.1.1
63 silly idealTree ├── caseless@0.12.0
63 silly idealTree ├── chalk@1.1.3
63 silly idealTree ├─┬ clean-css@3.4.28
63 silly idealTree │ └── source-map@0.4.4
63 silly idealTree ├── cliui@3.2.0
63 silly idealTree ├── clone-buffer@1.0.0
63 silly idealTree ├── clone-stats@0.0.1
63 silly idealTree ├── clone@1.0.2
63 silly idealTree ├── cloneable-readable@1.0.0
63 silly idealTree ├── co@4.6.0
63 silly idealTree ├── code-point-at@1.1.0
63 silly idealTree ├── combined-stream@1.0.5
63 silly idealTree ├── commander@2.8.1
63 silly idealTree ├── concat-map@0.0.1
63 silly idealTree ├── concat-with-sourcemaps@1.0.4
63 silly idealTree ├── connect-livereload@0.4.1
63 silly idealTree ├── connect@3.6.3
63 silly idealTree ├── console-control-strings@1.1.0
63 silly idealTree ├── core-util-is@1.0.2
63 silly idealTree ├─┬ cross-spawn@3.0.1
63 silly idealTree │ └── lru-cache@4.1.1
63 silly idealTree ├── cryptiles@2.0.5
63 silly idealTree ├── currently-unhandled@0.4.1
63 silly idealTree ├─┬ dashdash@1.14.1
63 silly idealTree │ └── assert-plus@1.0.0
63 silly idealTree ├── dateformat@2.0.0
63 silly idealTree ├── debug@2.6.8
63 silly idealTree ├── decamelize@1.2.0
63 silly idealTree ├── defaults@1.0.3
63 silly idealTree ├── delayed-stream@1.0.0
63 silly idealTree ├── delegates@1.0.0
63 silly idealTree ├── depd@1.1.1
63 silly idealTree ├── deprecated@0.0.1
63 silly idealTree ├── destroy@1.0.4
63 silly idealTree ├── detect-file@0.1.0
63 silly idealTree ├── duplexer2@0.0.2
63 silly idealTree ├── ecc-jsbn@0.1.1
63 silly idealTree ├── ee-first@1.1.1
63 silly idealTree ├── encodeurl@1.0.1
63 silly idealTree ├── end-of-stream@0.1.5
63 silly idealTree ├── error-ex@1.3.1
63 silly idealTree ├── escape-html@1.0.3
63 silly idealTree ├── escape-string-regexp@1.0.5
63 silly idealTree ├── etag@1.8.0
63 silly idealTree ├── expand-brackets@0.1.5
63 silly idealTree ├── expand-range@1.8.2
63 silly idealTree ├── expand-tilde@1.2.2
63 silly idealTree ├── extend@3.0.1
63 silly idealTree ├── extglob@0.3.2
63 silly idealTree ├── extsprintf@1.3.0
63 silly idealTree ├── fancy-log@1.3.0
63 silly idealTree ├── faye-websocket@0.7.3
63 silly idealTree ├── filename-regex@2.0.1
63 silly idealTree ├── fill-range@2.2.3
63 silly idealTree ├── finalhandler@1.0.4
63 silly idealTree ├── find-index@0.1.1
63 silly idealTree ├── find-up@1.1.2
63 silly idealTree ├── findup-sync@0.4.3
63 silly idealTree ├─┬ fined@1.1.0
63 silly idealTree │ └── expand-tilde@2.0.2
63 silly idealTree ├── first-chunk-stream@1.0.0
63 silly idealTree ├── flagged-respawn@0.3.2
63 silly idealTree ├── for-in@1.0.2
63 silly idealTree ├── for-own@0.1.5
63 silly idealTree ├── forever-agent@0.6.1
63 silly idealTree ├── form-data@2.1.4
63 silly idealTree ├── fresh@0.5.0
63 silly idealTree ├── fs-exists-sync@0.1.0
63 silly idealTree ├── fs.realpath@1.0.0
63 silly idealTree ├─┬ fstream@1.0.11
63 silly idealTree │ └── graceful-fs@4.1.11
63 silly idealTree ├─┬ gauge@2.7.4
63 silly idealTree │ └── object-assign@4.1.1
63 silly idealTree ├── gaze@0.5.2
63 silly idealTree ├── get-caller-file@1.0.2
63 silly idealTree ├── get-stdin@4.0.1
63 silly idealTree ├─┬ getpass@0.1.7
63 silly idealTree │ └── assert-plus@1.0.0
63 silly idealTree ├── glob-base@0.3.0
63 silly idealTree ├── glob-parent@2.0.0
63 silly idealTree ├─┬ glob-stream@3.1.18
63 silly idealTree │ ├── readable-stream@1.0.34
63 silly idealTree │ └── through2@0.6.5
63 silly idealTree ├── glob-watcher@0.0.6
63 silly idealTree ├── glob@4.5.3
63 silly idealTree ├── glob2base@0.0.12
63 silly idealTree ├── global-modules@0.2.3
63 silly idealTree ├── global-prefix@0.1.5
63 silly idealTree ├─┬ globule@0.1.0
63 silly idealTree │ ├── glob@3.1.21
63 silly idealTree │ ├── graceful-fs@1.2.3
63 silly idealTree │ ├── inherits@1.0.2
63 silly idealTree │ └── minimatch@0.2.14
63 silly idealTree ├── glogg@1.0.0
63 silly idealTree ├── graceful-fs@3.0.11
63 silly idealTree ├── graceful-readlink@1.0.1
63 silly idealTree ├─┬ gulp-concat@2.6.1
63 silly idealTree │ ├── clone-stats@1.0.0
63 silly idealTree │ ├── clone@2.1.1
63 silly idealTree │ ├── replace-ext@1.0.0
63 silly idealTree │ └── vinyl@2.1.0
63 silly idealTree ├─┬ gulp-minify-css@1.2.4
63 silly idealTree │ ├── isarray@1.0.0
63 silly idealTree │ ├── object-assign@4.1.1
63 silly idealTree │ ├── readable-stream@2.3.3
63 silly idealTree │ └── string_decoder@1.0.3
63 silly idealTree ├── gulp-sass@3.1.0
63 silly idealTree ├─┬ gulp-uglify@3.0.0
63 silly idealTree │ └── lodash@4.17.4
63 silly idealTree ├── gulp-util@3.0.8
63 silly idealTree ├─┬ gulp-webserver@0.9.1
63 silly idealTree │ ├── ansi-regex@0.2.1
63 silly idealTree │ ├── ansi-styles@1.1.0
63 silly idealTree │ ├── chalk@0.5.1
63 silly idealTree │ ├── dateformat@1.0.12
63 silly idealTree │ ├── gulp-util@2.2.20
63 silly idealTree │ ├── has-ansi@0.1.0
63 silly idealTree │ ├── lodash._reinterpolate@2.4.1
63 silly idealTree │ ├── lodash.escape@2.4.1
63 silly idealTree │ ├── lodash.keys@2.4.1
63 silly idealTree │ ├── lodash.template@2.4.1
63 silly idealTree │ ├── lodash.templatesettings@2.4.1
63 silly idealTree │ ├── minimist@0.2.0
63 silly idealTree │ ├── readable-stream@1.0.34
63 silly idealTree │ ├── strip-ansi@0.3.0
63 silly idealTree │ ├── supports-color@0.2.0
63 silly idealTree │ ├── through2@0.5.1
63 silly idealTree │ ├── vinyl@0.2.3
63 silly idealTree │ └── xtend@3.0.0
63 silly idealTree ├── gulp@3.9.1
63 silly idealTree ├── gulplog@1.0.0
63 silly idealTree ├── har-schema@1.0.5
63 silly idealTree ├── har-validator@4.2.1
63 silly idealTree ├── has-ansi@2.0.0
63 silly idealTree ├── has-gulplog@0.1.0
63 silly idealTree ├── has-unicode@2.0.1
63 silly idealTree ├── hawk@3.1.3
63 silly idealTree ├── hoek@2.16.3
63 silly idealTree ├── homedir-polyfill@1.0.1
63 silly idealTree ├── hosted-git-info@2.5.0
63 silly idealTree ├── http-errors@1.6.2
63 silly idealTree ├── http-signature@1.1.1
63 silly idealTree ├── iconv-lite@0.4.4
63 silly idealTree ├── in-publish@2.0.0
63 silly idealTree ├── indent-string@2.1.0
63 silly idealTree ├── inflight@1.0.6
63 silly idealTree ├── inherits@2.0.3
63 silly idealTree ├── ini@1.3.4
63 silly idealTree ├── interpret@1.0.3
63 silly idealTree ├── invert-kv@1.0.0
63 silly idealTree ├── is-absolute@0.2.6
63 silly idealTree ├── is-arrayish@0.2.1
63 silly idealTree ├── is-buffer@1.1.5
63 silly idealTree ├── is-builtin-module@1.0.0
63 silly idealTree ├── is-dotfile@1.0.3
63 silly idealTree ├── is-equal-shallow@0.1.3
63 silly idealTree ├── is-extendable@0.1.1
63 silly idealTree ├── is-extglob@1.0.0
63 silly idealTree ├── is-finite@1.0.2
63 silly idealTree ├── is-fullwidth-code-point@1.0.0
63 silly idealTree ├── is-glob@2.0.1
63 silly idealTree ├── is-number@2.1.0
63 silly idealTree ├─┬ is-plain-object@2.0.4
63 silly idealTree │ └── isobject@3.0.1
63 silly idealTree ├── is-posix-bracket@0.1.1
63 silly idealTree ├── is-primitive@2.0.0
63 silly idealTree ├── is-relative@0.2.1
63 silly idealTree ├── is-typedarray@1.0.0
63 silly idealTree ├── is-unc-path@0.1.2
63 silly idealTree ├── is-utf8@0.2.1
63 silly idealTree ├── is-windows@0.2.0
63 silly idealTree ├── is@3.2.1
63 silly idealTree ├── isarray@0.0.1
63 silly idealTree ├── isexe@2.0.0
63 silly idealTree ├─┬ isobject@2.1.0
63 silly idealTree │ └── isarray@1.0.0
63 silly idealTree ├── isstream@0.1.2
63 silly idealTree ├── jquery@3.2.1
63 silly idealTree ├── js-base64@2.1.9
63 silly idealTree ├── jsbn@0.1.1
63 silly idealTree ├── json-schema@0.2.3
63 silly idealTree ├── json-stable-stringify@1.0.1
63 silly idealTree ├── json-stringify-safe@5.0.1
63 silly idealTree ├── jsonify@0.0.0
63 silly idealTree ├─┬ jsprim@1.4.1
63 silly idealTree │ └── assert-plus@1.0.0
63 silly idealTree ├── kind-of@3.2.2
63 silly idealTree ├── lcid@1.0.0
63 silly idealTree ├── liftoff@2.3.0
63 silly idealTree ├─┬ load-json-file@1.1.0
63 silly idealTree │ ├── graceful-fs@4.1.11
63 silly idealTree │ └── strip-bom@2.0.0
63 silly idealTree ├── lodash._basecopy@3.0.1
63 silly idealTree ├── lodash._basetostring@3.0.1
63 silly idealTree ├── lodash._basevalues@3.0.0
63 silly idealTree ├── lodash._escapehtmlchar@2.4.1
63 silly idealTree ├── lodash._escapestringchar@2.4.1
63 silly idealTree ├── lodash._getnative@3.9.1
63 silly idealTree ├── lodash._htmlescapes@2.4.1
63 silly idealTree ├── lodash._isiterateecall@3.0.9
63 silly idealTree ├── lodash._isnative@2.4.1
63 silly idealTree ├── lodash._objecttypes@2.4.1
63 silly idealTree ├── lodash._reescape@3.0.0
63 silly idealTree ├── lodash._reevaluate@3.0.0
63 silly idealTree ├── lodash._reinterpolate@3.0.0
63 silly idealTree ├─┬ lodash._reunescapedhtml@2.4.1
63 silly idealTree │ └── lodash.keys@2.4.1
63 silly idealTree ├── lodash._root@3.0.1
63 silly idealTree ├── lodash._shimkeys@2.4.1
63 silly idealTree ├── lodash.assign@4.2.0
63 silly idealTree ├── lodash.clonedeep@4.5.0
63 silly idealTree ├─┬ lodash.defaults@2.4.1
63 silly idealTree │ └── lodash.keys@2.4.1
63 silly idealTree ├── lodash.escape@3.2.0
63 silly idealTree ├── lodash.isarguments@3.1.0
63 silly idealTree ├── lodash.isarray@3.0.4
63 silly idealTree ├── lodash.isobject@2.4.1
63 silly idealTree ├── lodash.isplainobject@4.0.6
63 silly idealTree ├── lodash.isstring@4.0.1
63 silly idealTree ├── lodash.keys@3.1.2
63 silly idealTree ├── lodash.mapvalues@4.6.0
63 silly idealTree ├── lodash.mergewith@4.6.0
63 silly idealTree ├── lodash.restparam@3.6.1
63 silly idealTree ├── lodash.template@3.6.2
63 silly idealTree ├── lodash.templatesettings@3.1.1
63 silly idealTree ├─┬ lodash.values@2.4.1
63 silly idealTree │ └── lodash.keys@2.4.1
63 silly idealTree ├── lodash@1.0.2
63 silly idealTree ├── loud-rejection@1.6.0
63 silly idealTree ├── lru-cache@2.7.3
63 silly idealTree ├── make-error-cause@1.2.2
63 silly idealTree ├── make-error@1.3.0
63 silly idealTree ├── map-cache@0.2.2
63 silly idealTree ├── map-obj@1.0.1
63 silly idealTree ├── media-typer@0.3.0
63 silly idealTree ├─┬ meow@3.7.0
63 silly idealTree │ └── object-assign@4.1.1
63 silly idealTree ├── micromatch@2.3.11
63 silly idealTree ├── mime-db@1.29.0
63 silly idealTree ├── mime-types@2.1.16
63 silly idealTree ├── mime@1.3.4
63 silly idealTree ├── minimatch@2.0.10
63 silly idealTree ├── minimist@1.2.0
63 silly idealTree ├─┬ mkdirp@0.5.1
63 silly idealTree │ └── minimist@0.0.8
63 silly idealTree ├── ms@2.0.0
63 silly idealTree ├── multipipe@0.1.2
63 silly idealTree ├── nan@2.6.2
63 silly idealTree ├── natives@1.1.0
63 silly idealTree ├── negotiator@0.6.1
63 silly idealTree ├─┬ node-gyp@3.6.2
63 silly idealTree │ ├── glob@7.1.2
63 silly idealTree │ ├── graceful-fs@4.1.11
63 silly idealTree │ ├── minimatch@3.0.4
63 silly idealTree │ └── semver@5.3.0
63 silly idealTree ├─┬ node-sass@4.5.3
63 silly idealTree │ ├── gaze@1.1.2
63 silly idealTree │ ├── glob@7.1.2
63 silly idealTree │ ├── globule@1.2.0
63 silly idealTree │ ├── lodash@4.17.4
63 silly idealTree │ └── minimatch@3.0.4
63 silly idealTree ├── node.extend@1.1.6
63 silly idealTree ├── nopt@3.0.6
63 silly idealTree ├── normalize-package-data@2.4.0
63 silly idealTree ├── normalize-path@2.1.1
63 silly idealTree ├── npmlog@4.1.2
63 silly idealTree ├── number-is-nan@1.0.1
63 silly idealTree ├── oauth-sign@0.8.2
63 silly idealTree ├── object-assign@3.0.0
63 silly idealTree ├─┬ object.defaults@1.1.0
63 silly idealTree │ ├── for-own@1.0.0
63 silly idealTree │ └── isobject@3.0.1
63 silly idealTree ├── object.omit@2.0.1
63 silly idealTree ├── object.pick@1.2.0
63 silly idealTree ├── on-finished@2.3.0
63 silly idealTree ├── once@1.3.3
63 silly idealTree ├── open@0.0.5
63 silly idealTree ├── orchestrator@0.3.8
63 silly idealTree ├── ordered-read-streams@0.1.0
63 silly idealTree ├── os-homedir@1.0.2
63 silly idealTree ├── os-locale@1.4.0
63 silly idealTree ├── os-tmpdir@1.0.2
63 silly idealTree ├── osenv@0.1.4
63 silly idealTree ├── parse-filepath@1.0.1
63 silly idealTree ├── parse-glob@3.0.4
63 silly idealTree ├── parse-json@2.2.0
63 silly idealTree ├── parse-passwd@1.0.0
63 silly idealTree ├── parseurl@1.3.1
63 silly idealTree ├── path-exists@2.1.0
63 silly idealTree ├── path-is-absolute@1.0.1
63 silly idealTree ├── path-parse@1.0.5
63 silly idealTree ├── path-root-regex@0.1.2
63 silly idealTree ├── path-root@0.1.1
63 silly idealTree ├─┬ path-type@1.1.0
63 silly idealTree │ └── graceful-fs@4.1.11
63 silly idealTree ├── performance-now@0.2.0
63 silly idealTree ├── pify@2.3.0
63 silly idealTree ├── pinkie-promise@2.0.1
63 silly idealTree ├── pinkie@2.0.4
63 silly idealTree ├── preserve@0.2.0
63 silly idealTree ├── pretty-hrtime@1.0.3
63 silly idealTree ├── process-nextick-args@1.0.7
63 silly idealTree ├── proxy-middleware@0.5.1
63 silly idealTree ├── pseudomap@1.0.2
63 silly idealTree ├── punycode@1.4.1
63 silly idealTree ├── qs@6.4.0
63 silly idealTree ├─┬ randomatic@1.1.7
63 silly idealTree │ ├─┬ is-number@3.0.0
63 silly idealTree │ │ └── kind-of@3.2.2
63 silly idealTree │ └── kind-of@4.0.0
63 silly idealTree ├── range-parser@1.2.0
63 silly idealTree ├── rateyo@2.3.2
63 silly idealTree ├── raw-body@1.3.0
63 silly idealTree ├── read-pkg-up@1.0.1
63 silly idealTree ├── read-pkg@1.1.0
63 silly idealTree ├── readable-stream@1.1.14
63 silly idealTree ├── rechoir@0.6.2
63 silly idealTree ├── redent@1.0.0
63 silly idealTree ├── regex-cache@0.4.3
63 silly idealTree ├── remove-trailing-separator@1.0.2
63 silly idealTree ├── repeat-element@1.1.2
63 silly idealTree ├── repeat-string@1.6.1
63 silly idealTree ├── repeating@2.0.1
63 silly idealTree ├── replace-ext@0.0.1
63 silly idealTree ├── request@2.81.0
63 silly idealTree ├── require-directory@2.1.1
63 silly idealTree ├── require-main-filename@1.0.1
63 silly idealTree ├── resolve-dir@0.1.1
63 silly idealTree ├── resolve@1.4.0
63 silly idealTree ├─┬ rimraf@2.6.1
63 silly idealTree │ ├── glob@7.1.2
63 silly idealTree │ └── minimatch@3.0.4
63 silly idealTree ├── safe-buffer@5.1.1
63 silly idealTree ├─┬ sass-graph@2.2.4
63 silly idealTree │ ├── glob@7.1.2
63 silly idealTree │ ├── lodash@4.17.4
63 silly idealTree │ └── minimatch@3.0.4
63 silly idealTree ├─┬ scss-tokenizer@0.2.3
63 silly idealTree │ └── source-map@0.4.4
63 silly idealTree ├── semver@4.3.6
63 silly idealTree ├── send@0.15.4
63 silly idealTree ├── sequencify@0.0.7
63 silly idealTree ├── serve-index@1.9.0
63 silly idealTree ├── serve-static@1.12.4
63 silly idealTree ├── set-blocking@2.0.0
63 silly idealTree ├── setprototypeof@1.0.3
63 silly idealTree ├── sigmund@1.0.1
63 silly idealTree ├── signal-exit@3.0.2
63 silly idealTree ├── sntp@1.0.9
63 silly idealTree ├── source-map@0.5.6
63 silly idealTree ├── sparkles@1.0.0
63 silly idealTree ├── spdx-correct@1.0.2
63 silly idealTree ├── spdx-expression-parse@1.0.4
63 silly idealTree ├── spdx-license-ids@1.2.2
63 silly idealTree ├─┬ sshpk@1.13.1
63 silly idealTree │ └── assert-plus@1.0.0
63 silly idealTree ├── statuses@1.3.1
63 silly idealTree ├─┬ stdout-stream@1.4.0
63 silly idealTree │ ├── isarray@1.0.0
63 silly idealTree │ ├── readable-stream@2.3.3
63 silly idealTree │ └── string_decoder@1.0.3
63 silly idealTree ├── stream-consume@0.1.0
63 silly idealTree ├── string_decoder@0.10.31
63 silly idealTree ├── string-width@1.0.2
63 silly idealTree ├── stringstream@0.0.5
63 silly idealTree ├── strip-ansi@3.0.1
63 silly idealTree ├── strip-bom@1.0.0
63 silly idealTree ├── strip-indent@1.0.1
63 silly idealTree ├── supports-color@2.0.0
63 silly idealTree ├── tar@2.2.1
63 silly idealTree ├─┬ through2@2.0.3
63 silly idealTree │ ├── isarray@1.0.0
63 silly idealTree │ ├── readable-stream@2.3.3
63 silly idealTree │ └── string_decoder@1.0.3
63 silly idealTree ├── tildify@1.2.0
63 silly idealTree ├── time-stamp@1.1.0
63 silly idealTree ├─┬ tiny-lr@0.1.4
63 silly idealTree │ ├── debug@0.8.1
63 silly idealTree │ └── qs@2.2.5
63 silly idealTree ├── tough-cookie@2.3.2
63 silly idealTree ├── trim-newlines@1.0.0
63 silly idealTree ├── tunnel-agent@0.6.0
63 silly idealTree ├── tweetnacl@0.14.5
63 silly idealTree ├─┬ type-is@1.5.7
63 silly idealTree │ ├── mime-db@1.12.0
63 silly idealTree │ └── mime-types@2.0.14
63 silly idealTree ├─┬ uglify-js@3.0.27
63 silly idealTree │ └── commander@2.11.0
63 silly idealTree ├── unc-path-regex@0.1.2
63 silly idealTree ├── unique-stream@1.0.0
63 silly idealTree ├── unpipe@1.0.0
63 silly idealTree ├── user-home@1.1.1
63 silly idealTree ├── util-deprecate@1.0.2
63 silly idealTree ├── utils-merge@1.0.0
63 silly idealTree ├── uuid@3.1.0
63 silly idealTree ├── v8flags@2.1.1
63 silly idealTree ├── validate-npm-package-license@3.0.1
63 silly idealTree ├─┬ verror@1.10.0
63 silly idealTree │ └── assert-plus@1.0.0
63 silly idealTree ├── vinyl-bufferstream@1.0.1
63 silly idealTree ├─┬ vinyl-fs@0.3.14
63 silly idealTree │ ├── clone@0.2.0
63 silly idealTree │ ├── readable-stream@1.0.34
63 silly idealTree │ ├── through2@0.6.5
63 silly idealTree │ └── vinyl@0.4.6
63 silly idealTree ├── vinyl-sourcemaps-apply@0.2.1
63 silly idealTree ├── vinyl@0.5.3
63 silly idealTree ├── watch@0.11.0
63 silly idealTree ├── websocket-driver@0.6.5
63 silly idealTree ├── websocket-extensions@0.1.1
63 silly idealTree ├── which-module@1.0.0
63 silly idealTree ├── which@1.3.0
63 silly idealTree ├── wide-align@1.1.2
63 silly idealTree ├── wrap-ansi@2.1.0
63 silly idealTree ├── wrappy@1.0.2
63 silly idealTree ├── xtend@4.0.1
63 silly idealTree ├── y18n@3.2.1
63 silly idealTree ├── yallist@2.1.2
63 silly idealTree ├─┬ yargs-parser@5.0.0
63 silly idealTree │ └── camelcase@3.0.0
63 silly idealTree └─┬ yargs@7.1.0
63 silly idealTree   └── camelcase@3.0.0
64 silly generateActionsToTake Starting
65 silly install generateActionsToTake
66 warn checkPermissions Missing write access to /home/laboratoria/Desktop/proyecto/leccion-53/mis-pelis/node_modules
67 silly rollbackFailedOptional Starting
68 silly rollbackFailedOptional Finishing
69 silly runTopLevelLifecycles Finishing
70 silly install printInstalled
71 warn mis-pelis@1.0.0 No repository field.
72 verbose If you need help, you may report this error at:
72 verbose     <https://github.com/npm/npm/issues>
73 verbose stack Error: EACCES: permission denied, access '/home/laboratoria/Desktop/proyecto/leccion-53/mis-pelis/node_modules'
73 verbose stack     at Error (native)
74 verbose cwd /home/laboratoria/Desktop/proyecto/leccion-53/mis-pelis
75 error Linux 4.8.0-59-generic
76 error argv "/usr/bin/nodejs" "/usr/bin/npm" "install" "rateyo"
77 error node v6.11.1
78 error npm  v3.10.10
79 error path /home/laboratoria/Desktop/proyecto/leccion-53/mis-pelis/node_modules
80 error code EACCES
81 error errno -13
82 error syscall access
83 error Error: EACCES: permission denied, access '/home/laboratoria/Desktop/proyecto/leccion-53/mis-pelis/node_modules'
83 error     at Error (native)
83 error  { Error: EACCES: permission denied, access '/home/laboratoria/Desktop/proyecto/leccion-53/mis-pelis/node_modules'
83 error     at Error (native)
83 error   errno: -13,
83 error   code: 'EACCES',
83 error   syscall: 'access',
83 error   path: '/home/laboratoria/Desktop/proyecto/leccion-53/mis-pelis/node_modules' }
84 error Please try running this command again as root/Administrator.
85 verbose exit [ -13, true ]
